This is pdfTeX, Version 3.14159265-2.6-1.40.20 (TeX Live 2019/W32TeX) (preloaded format=pdflatex 2019.5.23)  27 APR 2020 16:02
entering extended mode
 \write18 enabled.
 %&-line parsing enabled.
**chapter3.tex
(./chapter3.tex
LaTeX2e <2018-12-01>
! Undefined control sequence.
l.2 \chapter
            {å®éªŒ}\label{chapter_experiment}
The control sequence at the end of the top line
of your error message was never \def'ed. If you have
misspelled it (e.g., `\hobx'), type `I' and the correct
spelling (e.g., `I\hbox'). Otherwise just continue,
and I'll forget about whatever was undefined.


! Package inputenc Error: Unicode character å® (U+5B9E)
(inputenc)                not set up for use with LaTeX.

See the inputenc package documentation for explanation.
Type  H <return>  for immediate help.
 ...                                              
                                                  
l.2 \chapter{å®
                éªŒ}\label{chapter_experiment}
You may provide a definition with
\DeclareUnicodeCharacter 


! Package inputenc Error: Unicode character éªŒ (U+9A8C)
(inputenc)                not set up for use with LaTeX.

See the inputenc package documentation for explanation.
Type  H <return>  for immediate help.
 ...                                              
                                                  
l.2 \chapter{å®éªŒ
                   }\label{chapter_experiment}
You may provide a definition with
\DeclareUnicodeCharacter 


! Package inputenc Error: Unicode character åœ¨ (U+5728)
(inputenc)                not set up for use with LaTeX.

See the inputenc package documentation for explanation.
Type  H <return>  for immediate help.
 ...                                              
                                                  
l.4 åœ¨
       å®éªŒä¸­ï¼Œé¦–å…ˆä½¿ç”¨è‡ªåŠ¨åŒ–æ£€æµ‹å·¥å…·å¯¹ä»¿çœŸåº”ç”¨è¿›è¡Œäº†...

You may provide a definition with
\DeclareUnicodeCharacter 


! Package inputenc Error: Unicode character å® (U+5B9E)
(inputenc)                not set up for use with LaTeX.

See the inputenc package documentation for explanation.
Type  H <return>  for immediate help.
 ...                                              
                                                  
l.4 åœ¨å®
          éªŒä¸­ï¼Œé¦–å…ˆä½¿ç”¨è‡ªåŠ¨åŒ–æ£€æµ‹å·¥å…·å¯¹ä»¿çœŸåº”ç”¨è¿›è¡Œäº†...

You may provide a definition with
\DeclareUnicodeCharacter 


! Package inputenc Error: Unicode character éªŒ (U+9A8C)
(inputenc)                not set up for use with LaTeX.

See the inputenc package documentation for explanation.
Type  H <return>  for immediate help.
 ...                                              
                                                  
l.4 åœ¨å®éªŒ
             ä¸­ï¼Œé¦–å…ˆä½¿ç”¨è‡ªåŠ¨åŒ–æ£€æµ‹å·¥å…·å¯¹ä»¿çœŸåº”ç”¨è¿›è¡Œäº†...

You may provide a definition with
\DeclareUnicodeCharacter 


! Package inputenc Error: Unicode character ä¸­ (U+4E2D)
(inputenc)                not set up for use with LaTeX.

See the inputenc package documentation for explanation.
Type  H <return>  for immediate help.
 ...                                              
                                                  
l.4 åœ¨å®éªŒä¸­
                ï¼Œé¦–å…ˆä½¿ç”¨è‡ªåŠ¨åŒ–æ£€æµ‹å·¥å…·å¯¹ä»¿çœŸåº”ç”¨è¿›è¡Œäº†...

You may provide a definition with
\DeclareUnicodeCharacter 


! Package inputenc Error: Unicode character ï¼Œ (U+FF0C)
(inputenc)                not set up for use with LaTeX.

See the inputenc package documentation for explanation.
Type  H <return>  for immediate help.
 ...                                              
                                                  
l.4 åœ¨å®éªŒä¸­ï¼Œ
                   é¦–å…ˆä½¿ç”¨è‡ªåŠ¨åŒ–æ£€æµ‹å·¥å…·å¯¹ä»¿çœŸåº”ç”¨è¿›è¡Œäº†...

You may provide a definition with
\DeclareUnicodeCharacter 


! Package inputenc Error: Unicode character é¦– (U+9996)
(inputenc)                not set up for use with LaTeX.

See the inputenc package documentation for explanation.
Type  H <return>  for immediate help.
 ...                                              
                                                  
l.4 åœ¨å®éªŒä¸­ï¼Œé¦–
                      å…ˆä½¿ç”¨è‡ªåŠ¨åŒ–æ£€æµ‹å·¥å…·å¯¹ä»¿çœŸåº”ç”¨è¿›è¡Œäº†...

You may provide a definition with
\DeclareUnicodeCharacter 


! Package inputenc Error: Unicode character å…ˆ (U+5148)
(inputenc)                not set up for use with LaTeX.

See the inputenc package documentation for explanation.
Type  H <return>  for immediate help.
 ...                                              
                                                  
l.4 åœ¨å®éªŒä¸­ï¼Œé¦–å…ˆ
                         ä½¿ç”¨è‡ªåŠ¨åŒ–æ£€æµ‹å·¥å…·å¯¹ä»¿çœŸåº”ç”¨è¿›è¡Œäº†...

You may provide a definition with
\DeclareUnicodeCharacter 


! Package inputenc Error: Unicode character ä½¿ (U+4F7F)
(inputenc)                not set up for use with LaTeX.

See the inputenc package documentation for explanation.
Type  H <return>  for immediate help.
 ...                                              
                                                  
l.4 åœ¨å®éªŒä¸­ï¼Œé¦–å…ˆä½¿
                            ç”¨è‡ªåŠ¨åŒ–æ£€æµ‹å·¥å…·å¯¹ä»¿çœŸåº”ç”¨è¿›è¡Œäº†...

You may provide a definition with
\DeclareUnicodeCharacter 


! Package inputenc Error: Unicode character ç”¨ (U+7528)
(inputenc)                not set up for use with LaTeX.

See the inputenc package documentation for explanation.
Type  H <return>  for immediate help.
 ...                                              
                                                  
l.4 åœ¨å®éªŒä¸­ï¼Œé¦–å…ˆä½¿ç”¨
                               è‡ªåŠ¨åŒ–æ£€æµ‹å·¥å…·å¯¹ä»¿çœŸåº”ç”¨è¿›è¡Œäº†...

You may provide a definition with
\DeclareUnicodeCharacter 


! Package inputenc Error: Unicode character è‡ª (U+81EA)
(inputenc)                not set up for use with LaTeX.

See the inputenc package documentation for explanation.
Type  H <return>  for immediate help.
 ...                                              
                                                  
l.4 åœ¨å®éªŒä¸­ï¼Œé¦–å…ˆä½¿ç”¨è‡ª
                                  åŠ¨åŒ–æ£€æµ‹å·¥å…·å¯¹ä»¿çœŸåº”ç”¨è¿›è¡Œäº†...

You may provide a definition with
\DeclareUnicodeCharacter 


! Package inputenc Error: Unicode character åŠ¨ (U+52A8)
(inputenc)                not set up for use with LaTeX.

See the inputenc package documentation for explanation.
Type  H <return>  for immediate help.
 ...                                              
                                                  
l.4 åœ¨å®éªŒä¸­ï¼Œé¦–å…ˆä½¿ç”¨è‡ªåŠ¨
                                     åŒ–æ£€æµ‹å·¥å…·å¯¹ä»¿çœŸåº”ç”¨è¿›è¡Œäº†...

You may provide a definition with
\DeclareUnicodeCharacter 


! Package inputenc Error: Unicode character åŒ– (U+5316)
(inputenc)                not set up for use with LaTeX.

See the inputenc package documentation for explanation.
Type  H <return>  for immediate help.
 ...                                              
                                                  
l.4 åœ¨å®éªŒä¸­ï¼Œé¦–å…ˆä½¿ç”¨è‡ªåŠ¨åŒ–
                                        æ£€æµ‹å·¥å…·å¯¹ä»¿çœŸåº”ç”¨è¿›è¡Œäº†...

You may provide a definition with
\DeclareUnicodeCharacter 


! Package inputenc Error: Unicode character æ£€ (U+68C0)
(inputenc)                not set up for use with LaTeX.

See the inputenc package documentation for explanation.
Type  H <return>  for immediate help.
 ...                                              
                                                  
l.4 åœ¨å®éªŒä¸­ï¼Œé¦–å…ˆä½¿ç”¨è‡ªåŠ¨åŒ–æ£€
                                           æµ‹å·¥å…·å¯¹ä»¿çœŸåº”ç”¨è¿›è¡Œäº†...

You may provide a definition with
\DeclareUnicodeCharacter 


! Package inputenc Error: Unicode character æµ‹ (U+6D4B)
(inputenc)                not set up for use with LaTeX.

See the inputenc package documentation for explanation.
Type  H <return>  for immediate help.
 ...                                              
                                                  
l.4 åœ¨å®éªŒä¸­ï¼Œé¦–å…ˆä½¿ç”¨è‡ªåŠ¨åŒ–æ£€æµ‹
                                              å·¥å…·å¯¹ä»¿çœŸåº”ç”¨è¿›è¡Œäº†...

You may provide a definition with
\DeclareUnicodeCharacter 


! Package inputenc Error: Unicode character å·¥ (U+5DE5)
(inputenc)                not set up for use with LaTeX.

See the inputenc package documentation for explanation.
Type  H <return>  for immediate help.
 ...                                              
                                                  
l.4 åœ¨å®éªŒä¸­ï¼Œé¦–å…ˆä½¿ç”¨è‡ªåŠ¨åŒ–æ£€æµ‹å·¥
                                                 å…·å¯¹ä»¿çœŸåº”ç”¨è¿›è¡Œäº†...

You may provide a definition with
\DeclareUnicodeCharacter 


! Package inputenc Error: Unicode character å…· (U+5177)
(inputenc)                not set up for use with LaTeX.

See the inputenc package documentation for explanation.
Type  H <return>  for immediate help.
 ...                                              
                                                  
l.4 ...éªŒä¸­ï¼Œé¦–å…ˆä½¿ç”¨è‡ªåŠ¨åŒ–æ£€æµ‹å·¥å…·
                                                  å¯¹ä»¿çœŸåº”ç”¨è¿›è¡Œäº†æµ...

You may provide a definition with
\DeclareUnicodeCharacter 


! Package inputenc Error: Unicode character å¯¹ (U+5BF9)
(inputenc)                not set up for use with LaTeX.

See the inputenc package documentation for explanation.
Type  H <return>  for immediate help.
 ...                                              
                                                  
l.4 ...Œä¸­ï¼Œé¦–å…ˆä½¿ç”¨è‡ªåŠ¨åŒ–æ£€æµ‹å·¥å…·å¯¹
                                                  ä»¿çœŸåº”ç”¨è¿›è¡Œäº†æµ‹è¯...

You may provide a definition with
\DeclareUnicodeCharacter 


! Package inputenc Error: Unicode character ä»¿ (U+4EFF)
(inputenc)                not set up for use with LaTeX.

See the inputenc package documentation for explanation.
Type  H <return>  for immediate help.
 ...                                              
                                                  
l.4 ...­ï¼Œé¦–å…ˆä½¿ç”¨è‡ªåŠ¨åŒ–æ£€æµ‹å·¥å…·å¯¹ä»¿
                                                  çœŸåº”ç”¨è¿›è¡Œäº†æµ‹è¯•ï¼...

You may provide a definition with
\DeclareUnicodeCharacter 


! Package inputenc Error: Unicode character çœŸ (U+771F)
(inputenc)                not set up for use with LaTeX.

See the inputenc package documentation for explanation.
Type  H <return>  for immediate help.
 ...                                              
                                                  
l.4 ...Œé¦–å…ˆä½¿ç”¨è‡ªåŠ¨åŒ–æ£€æµ‹å·¥å…·å¯¹ä»¿çœŸ
                                                  åº”ç”¨è¿›è¡Œäº†æµ‹è¯•ï¼Œä»...

You may provide a definition with
\DeclareUnicodeCharacter 


! Package inputenc Error: Unicode character åº” (U+5E94)
(inputenc)                not set up for use with LaTeX.

See the inputenc package documentation for explanation.
Type  H <return>  for immediate help.
 ...                                              
                                                  
l.4 ...–å…ˆä½¿ç”¨è‡ªåŠ¨åŒ–æ£€æµ‹å·¥å…·å¯¹ä»¿çœŸåº”
                                                  ç”¨è¿›è¡Œäº†æµ‹è¯•ï¼Œä»¥éª...

You may provide a definition with
\DeclareUnicodeCharacter 


! Package inputenc Error: Unicode character ç”¨ (U+7528)
(inputenc)                not set up for use with LaTeX.

See the inputenc package documentation for explanation.
Type  H <return>  for immediate help.
 ...                                              
                                                  
l.4 ...ˆä½¿ç”¨è‡ªåŠ¨åŒ–æ£€æµ‹å·¥å…·å¯¹ä»¿çœŸåº”ç”¨
                                                  è¿›è¡Œäº†æµ‹è¯•ï¼Œä»¥éªŒè¯...

You may provide a definition with
\DeclareUnicodeCharacter 


! Package inputenc Error: Unicode character è¿› (U+8FDB)
(inputenc)                not set up for use with LaTeX.

See the inputenc package documentation for explanation.
Type  H <return>  for immediate help.
 ...                                              
                                                  
l.4 ...¿ç”¨è‡ªåŠ¨åŒ–æ£€æµ‹å·¥å…·å¯¹ä»¿çœŸåº”ç”¨è¿›
                                                  è¡Œäº†æµ‹è¯•ï¼Œä»¥éªŒè¯å...

You may provide a definition with
\DeclareUnicodeCharacter 


! Package inputenc Error: Unicode character è¡Œ (U+884C)
(inputenc)                not set up for use with LaTeX.

See the inputenc package documentation for explanation.
Type  H <return>  for immediate help.
 ...                                              
                                                  
l.4 ...¨è‡ªåŠ¨åŒ–æ£€æµ‹å·¥å…·å¯¹ä»¿çœŸåº”ç”¨è¿›è¡Œ
                                                  äº†æµ‹è¯•ï¼Œä»¥éªŒè¯å¯è¡...

You may provide a definition with
\DeclareUnicodeCharacter 


! Package inputenc Error: Unicode character äº† (U+4E86)
(inputenc)                not set up for use with LaTeX.

See the inputenc package documentation for explanation.
Type  H <return>  for immediate help.
 ...                                              
                                                  
l.4 ...ªåŠ¨åŒ–æ£€æµ‹å·¥å…·å¯¹ä»¿çœŸåº”ç”¨è¿›è¡Œäº†
                                                  æµ‹è¯•ï¼Œä»¥éªŒè¯å¯è¡Œæ€...

You may provide a definition with
\DeclareUnicodeCharacter 


! Package inputenc Error: Unicode character æµ‹ (U+6D4B)
(inputenc)                not set up for use with LaTeX.

See the inputenc package documentation for explanation.
Type  H <return>  for immediate help.
 ...                                              
                                                  
l.4 ...¨åŒ–æ£€æµ‹å·¥å…·å¯¹ä»¿çœŸåº”ç”¨è¿›è¡Œäº†æµ‹
                                                  è¯•ï¼Œä»¥éªŒè¯å¯è¡Œæ€§å’...

You may provide a definition with
\DeclareUnicodeCharacter 


! Package inputenc Error: Unicode character è¯• (U+8BD5)
(inputenc)                not set up for use with LaTeX.

See the inputenc package documentation for explanation.
Type  H <return>  for immediate help.
 ...                                              
                                                  
l.4 ...–æ£€æµ‹å·¥å…·å¯¹ä»¿çœŸåº”ç”¨è¿›è¡Œäº†æµ‹è¯•
                                                  ï¼Œä»¥éªŒè¯å¯è¡Œæ€§å’Œæ­...

You may provide a definition with
\DeclareUnicodeCharacter 


! Package inputenc Error: Unicode character ï¼Œ (U+FF0C)
(inputenc)                not set up for use with LaTeX.

See the inputenc package documentation for explanation.
Type  H <return>  for immediate help.
 ...                                              
                                                  
l.4 ...€æµ‹å·¥å…·å¯¹ä»¿çœŸåº”ç”¨è¿›è¡Œäº†æµ‹è¯•ï¼Œ
                                                  ä»¥éªŒè¯å¯è¡Œæ€§å’Œæ­£ç¡...

You may provide a definition with
\DeclareUnicodeCharacter 


! Package inputenc Error: Unicode character ä»¥ (U+4EE5)
(inputenc)                not set up for use with LaTeX.

See the inputenc package documentation for explanation.
Type  H <return>  for immediate help.
 ...                                              
                                                  
l.4 ...‹å·¥å…·å¯¹ä»¿çœŸåº”ç”¨è¿›è¡Œäº†æµ‹è¯•ï¼Œä»¥
                                                  éªŒè¯å¯è¡Œæ€§å’Œæ­£ç¡®æ€...

You may provide a definition with
\DeclareUnicodeCharacter 


! Package inputenc Error: Unicode character éªŒ (U+9A8C)
(inputenc)                not set up for use with LaTeX.

See the inputenc package documentation for explanation.
Type  H <return>  for immediate help.
 ...                                              
                                                  
l.4 ...¥å…·å¯¹ä»¿çœŸåº”ç”¨è¿›è¡Œäº†æµ‹è¯•ï¼Œä»¥éªŒ
                                                  è¯å¯è¡Œæ€§å’Œæ­£ç¡®æ€§ã€...

You may provide a definition with
\DeclareUnicodeCharacter 


! Package inputenc Error: Unicode character è¯ (U+8BC1)
(inputenc)                not set up for use with LaTeX.

See the inputenc package documentation for explanation.
Type  H <return>  for immediate help.
 ...                                              
                                                  
l.4 ...·å¯¹ä»¿çœŸåº”ç”¨è¿›è¡Œäº†æµ‹è¯•ï¼Œä»¥éªŒè¯
                                                  å¯è¡Œæ€§å’Œæ­£ç¡®æ€§ã€‚æ...

You may provide a definition with
\DeclareUnicodeCharacter 


! Package inputenc Error: Unicode character å¯ (U+53EF)
(inputenc)                not set up for use with LaTeX.

See the inputenc package documentation for explanation.
Type  H <return>  for immediate help.
 ...                                              
                                                  
l.4 ...¹ä»¿çœŸåº”ç”¨è¿›è¡Œäº†æµ‹è¯•ï¼Œä»¥éªŒè¯å¯
                                                  è¡Œæ€§å’Œæ­£ç¡®æ€§ã€‚æ¥ä¸...

You may provide a definition with
\DeclareUnicodeCharacter 


! Package inputenc Error: Unicode character è¡Œ (U+884C)
(inputenc)                not set up for use with LaTeX.

See the inputenc package documentation for explanation.
Type  H <return>  for immediate help.
 ...                                              
                                                  
l.4 ...¿çœŸåº”ç”¨è¿›è¡Œäº†æµ‹è¯•ï¼Œä»¥éªŒè¯å¯è¡Œ
                                                  æ€§å’Œæ­£ç¡®æ€§ã€‚æ¥ä¸‹æ...

You may provide a definition with
\DeclareUnicodeCharacter 


! Package inputenc Error: Unicode character æ€§ (U+6027)
(inputenc)                not set up for use with LaTeX.

See the inputenc package documentation for explanation.
Type  H <return>  for immediate help.
 ...                                              
                                                  
l.4 ...Ÿåº”ç”¨è¿›è¡Œäº†æµ‹è¯•ï¼Œä»¥éªŒè¯å¯è¡Œæ€§
                                                  å’Œæ­£ç¡®æ€§ã€‚æ¥ä¸‹æ¥å¯...

You may provide a definition with
\DeclareUnicodeCharacter 


! Package inputenc Error: Unicode character å’Œ (U+548C)
(inputenc)                not set up for use with LaTeX.

See the inputenc package documentation for explanation.
Type  H <return>  for immediate help.
 ...                                              
                                                  
l.4 ...”ç”¨è¿›è¡Œäº†æµ‹è¯•ï¼Œä»¥éªŒè¯å¯è¡Œæ€§å’Œ
                                                  æ­£ç¡®æ€§ã€‚æ¥ä¸‹æ¥å¯¹çœ...

You may provide a definition with
\DeclareUnicodeCharacter 


! Package inputenc Error: Unicode character æ­£ (U+6B63)
(inputenc)                not set up for use with LaTeX.

See the inputenc package documentation for explanation.
Type  H <return>  for immediate help.
 ...                                              
                                                  
l.4 ...¨è¿›è¡Œäº†æµ‹è¯•ï¼Œä»¥éªŒè¯å¯è¡Œæ€§å’Œæ­£
                                                  ç¡®æ€§ã€‚æ¥ä¸‹æ¥å¯¹çœŸå®...

You may provide a definition with
\DeclareUnicodeCharacter 


! Package inputenc Error: Unicode character ç¡® (U+786E)
(inputenc)                not set up for use with LaTeX.

See the inputenc package documentation for explanation.
Type  H <return>  for immediate help.
 ...                                              
                                                  
l.4 ...›è¡Œäº†æµ‹è¯•ï¼Œä»¥éªŒè¯å¯è¡Œæ€§å’Œæ­£ç¡®
                                                  æ€§ã€‚æ¥ä¸‹æ¥å¯¹çœŸå®çš...

You may provide a definition with
\DeclareUnicodeCharacter 


! Package inputenc Error: Unicode character æ€§ (U+6027)
(inputenc)                not set up for use with LaTeX.

See the inputenc package documentation for explanation.
Type  H <return>  for immediate help.
 ...                                              
                                                  
l.4 ...Œäº†æµ‹è¯•ï¼Œä»¥éªŒè¯å¯è¡Œæ€§å’Œæ­£ç¡®æ€§
                                                  ã€‚æ¥ä¸‹æ¥å¯¹çœŸå®çš„åº...

You may provide a definition with
\DeclareUnicodeCharacter 


! Package inputenc Error: Unicode character ã€‚ (U+3002)
(inputenc)                not set up for use with LaTeX.

See the inputenc package documentation for explanation.
Type  H <return>  for immediate help.
 ...                                              
                                                  
l.4 ...†æµ‹è¯•ï¼Œä»¥éªŒè¯å¯è¡Œæ€§å’Œæ­£ç¡®æ€§ã€‚
                                                  æ¥ä¸‹æ¥å¯¹çœŸå®çš„åº”ç”...

You may provide a definition with
\DeclareUnicodeCharacter 


! Package inputenc Error: Unicode character æ¥ (U+63A5)
(inputenc)                not set up for use with LaTeX.

See the inputenc package documentation for explanation.
Type  H <return>  for immediate help.
 ...                                              
                                                  
l.4 ...‹è¯•ï¼Œä»¥éªŒè¯å¯è¡Œæ€§å’Œæ­£ç¡®æ€§ã€‚æ¥
                                                  ä¸‹æ¥å¯¹çœŸå®çš„åº”ç”¨è¿...

You may provide a definition with
\DeclareUnicodeCharacter 


! Package inputenc Error: Unicode character ä¸‹ (U+4E0B)
(inputenc)                not set up for use with LaTeX.

See the inputenc package documentation for explanation.
Type  H <return>  for immediate help.
 ...                                              
                                                  
l.4 ...•ï¼Œä»¥éªŒè¯å¯è¡Œæ€§å’Œæ­£ç¡®æ€§ã€‚æ¥ä¸‹
                                                  æ¥å¯¹çœŸå®çš„åº”ç”¨è¿›è¡...

You may provide a definition with
\DeclareUnicodeCharacter 


! Package inputenc Error: Unicode character æ¥ (U+6765)
(inputenc)                not set up for use with LaTeX.

See the inputenc package documentation for explanation.
Type  H <return>  for immediate help.
 ...                                              
                                                  
l.4 ...Œä»¥éªŒè¯å¯è¡Œæ€§å’Œæ­£ç¡®æ€§ã€‚æ¥ä¸‹æ¥
                                                  å¯¹çœŸå®çš„åº”ç”¨è¿›è¡Œäº...

You may provide a definition with
\DeclareUnicodeCharacter 


! Package inputenc Error: Unicode character å¯¹ (U+5BF9)
(inputenc)                not set up for use with LaTeX.

See the inputenc package documentation for explanation.
Type  H <return>  for immediate help.
 ...                                              
                                                  
l.4 ...¥éªŒè¯å¯è¡Œæ€§å’Œæ­£ç¡®æ€§ã€‚æ¥ä¸‹æ¥å¯¹
                                                  çœŸå®çš„åº”ç”¨è¿›è¡Œäº†æµ...

You may provide a definition with
\DeclareUnicodeCharacter 


! Package inputenc Error: Unicode character çœŸ (U+771F)
(inputenc)                not set up for use with LaTeX.

See the inputenc package documentation for explanation.
Type  H <return>  for immediate help.
 ...                                              
                                                  
l.4 ...Œè¯å¯è¡Œæ€§å’Œæ­£ç¡®æ€§ã€‚æ¥ä¸‹æ¥å¯¹çœŸ
                                                  å®çš„åº”ç”¨è¿›è¡Œäº†æµ‹è¯...

You may provide a definition with
\DeclareUnicodeCharacter 


! Package inputenc Error: Unicode character å® (U+5B9E)
(inputenc)                not set up for use with LaTeX.

See the inputenc package documentation for explanation.
Type  H <return>  for immediate help.
 ...                                              
                                                  
l.4 ...å¯è¡Œæ€§å’Œæ­£ç¡®æ€§ã€‚æ¥ä¸‹æ¥å¯¹çœŸå®
                                                  çš„åº”ç”¨è¿›è¡Œäº†æµ‹è¯•ï¼...

You may provide a definition with
\DeclareUnicodeCharacter 


! Package inputenc Error: Unicode character çš„ (U+7684)
(inputenc)                not set up for use with LaTeX.

See the inputenc package documentation for explanation.
Type  H <return>  for immediate help.
 ...                                              
                                                  
l.4 ...¯è¡Œæ€§å’Œæ­£ç¡®æ€§ã€‚æ¥ä¸‹æ¥å¯¹çœŸå®çš„
                                                  åº”ç”¨è¿›è¡Œäº†æµ‹è¯•ï¼Œæ”...

You may provide a definition with
\DeclareUnicodeCharacter 


! Package inputenc Error: Unicode character åº” (U+5E94)
(inputenc)                not set up for use with LaTeX.

See the inputenc package documentation for explanation.
Type  H <return>  for immediate help.
 ...                                              
                                                  
l.4 ...Œæ€§å’Œæ­£ç¡®æ€§ã€‚æ¥ä¸‹æ¥å¯¹çœŸå®çš„åº”
                                                  ç”¨è¿›è¡Œäº†æµ‹è¯•ï¼Œæ”¶é›...

You may provide a definition with
\DeclareUnicodeCharacter 


! Package inputenc Error: Unicode character ç”¨ (U+7528)
(inputenc)                not set up for use with LaTeX.

See the inputenc package documentation for explanation.
Type  H <return>  for immediate help.
 ...                                              
                                                  
l.4 ...§å’Œæ­£ç¡®æ€§ã€‚æ¥ä¸‹æ¥å¯¹çœŸå®çš„åº”ç”¨
                                                  è¿›è¡Œäº†æµ‹è¯•ï¼Œæ”¶é›†äº...

You may provide a definition with
\DeclareUnicodeCharacter 


! Package inputenc Error: Unicode character è¿› (U+8FDB)
(inputenc)                not set up for use with LaTeX.

See the inputenc package documentation for explanation.
Type  H <return>  for immediate help.
 ...                                              
                                                  
l.4 ...Œæ­£ç¡®æ€§ã€‚æ¥ä¸‹æ¥å¯¹çœŸå®çš„åº”ç”¨è¿›
                                                  è¡Œäº†æµ‹è¯•ï¼Œæ”¶é›†äº†æµ...

You may provide a definition with
\DeclareUnicodeCharacter 


! Package inputenc Error: Unicode character è¡Œ (U+884C)
(inputenc)                not set up for use with LaTeX.

See the inputenc package documentation for explanation.
Type  H <return>  for immediate help.
 ...                                              
                                                  
l.4 ...£ç¡®æ€§ã€‚æ¥ä¸‹æ¥å¯¹çœŸå®çš„åº”ç”¨è¿›è¡Œ
                                                  äº†æµ‹è¯•ï¼Œæ”¶é›†äº†æµ‹è¯...

You may provide a definition with
\DeclareUnicodeCharacter 


! Package inputenc Error: Unicode character äº† (U+4E86)
(inputenc)                not set up for use with LaTeX.

See the inputenc package documentation for explanation.
Type  H <return>  for immediate help.
 ...                                              
                                                  
l.4 ...®æ€§ã€‚æ¥ä¸‹æ¥å¯¹çœŸå®çš„åº”ç”¨è¿›è¡Œäº†
                                                  æµ‹è¯•ï¼Œæ”¶é›†äº†æµ‹è¯•æ•...

You may provide a definition with
\DeclareUnicodeCharacter 


! Package inputenc Error: Unicode character æµ‹ (U+6D4B)
(inputenc)                not set up for use with LaTeX.

See the inputenc package documentation for explanation.
Type  H <return>  for immediate help.
 ...                                              
                                                  
l.4 ...§ã€‚æ¥ä¸‹æ¥å¯¹çœŸå®çš„åº”ç”¨è¿›è¡Œäº†æµ‹
                                                  è¯•ï¼Œæ”¶é›†äº†æµ‹è¯•æ•°æ...

You may provide a definition with
\DeclareUnicodeCharacter 


! Package inputenc Error: Unicode character è¯• (U+8BD5)
(inputenc)                not set up for use with LaTeX.

See the inputenc package documentation for explanation.
Type  H <return>  for immediate help.
 ...                                              
                                                  
l.4 ...‚æ¥ä¸‹æ¥å¯¹çœŸå®çš„åº”ç”¨è¿›è¡Œäº†æµ‹è¯•
                                                  ï¼Œæ”¶é›†äº†æµ‹è¯•æ•°æ®ã€‚
You may provide a definition with
\DeclareUnicodeCharacter 


! Package inputenc Error: Unicode character ï¼Œ (U+FF0C)
(inputenc)                not set up for use with LaTeX.

See the inputenc package documentation for explanation.
Type  H <return>  for immediate help.
 ...                                              
                                                  
l.4 ...¥ä¸‹æ¥å¯¹çœŸå®çš„åº”ç”¨è¿›è¡Œäº†æµ‹è¯•ï¼Œ
                                                  æ”¶é›†äº†æµ‹è¯•æ•°æ®ã€‚
You may provide a definition with
\DeclareUnicodeCharacter 


! Package inputenc Error: Unicode character æ”¶ (U+6536)
(inputenc)                not set up for use with LaTeX.

See the inputenc package documentation for explanation.
Type  H <return>  for immediate help.
 ...                                              
                                                  
l.4 ...‹æ¥å¯¹çœŸå®çš„åº”ç”¨è¿›è¡Œäº†æµ‹è¯•ï¼Œæ”¶
                                                  é›†äº†æµ‹è¯•æ•°æ®ã€‚
You may provide a definition with
\DeclareUnicodeCharacter 


! Package inputenc Error: Unicode character é›† (U+96C6)
(inputenc)                not set up for use with LaTeX.

See the inputenc package documentation for explanation.
Type  H <return>  for immediate help.
 ...                                              
                                                  
l.4 ...¥å¯¹çœŸå®çš„åº”ç”¨è¿›è¡Œäº†æµ‹è¯•ï¼Œæ”¶é›†
                                                  äº†æµ‹è¯•æ•°æ®ã€‚
You may provide a definition with
\DeclareUnicodeCharacter 


! Package inputenc Error: Unicode character äº† (U+4E86)
(inputenc)                not set up for use with LaTeX.

See the inputenc package documentation for explanation.
Type  H <return>  for immediate help.
 ...                                              
                                                  
l.4 ...¹çœŸå®çš„åº”ç”¨è¿›è¡Œäº†æµ‹è¯•ï¼Œæ”¶é›†äº†
                                                  æµ‹è¯•æ•°æ®ã€‚
You may provide a definition with
\DeclareUnicodeCharacter 


! Package inputenc Error: Unicode character æµ‹ (U+6D4B)
(inputenc)                not set up for use with LaTeX.

See the inputenc package documentation for explanation.
Type  H <return>  for immediate help.
 ...                                              
                                                  
l.4 ...Ÿå®çš„åº”ç”¨è¿›è¡Œäº†æµ‹è¯•ï¼Œæ”¶é›†äº†æµ‹
                                                  è¯•æ•°æ®ã€‚
You may provide a definition with
\DeclareUnicodeCharacter 


! Package inputenc Error: Unicode character è¯• (U+8BD5)
(inputenc)                not set up for use with LaTeX.

See the inputenc package documentation for explanation.
Type  H <return>  for immediate help.
 ...                                              
                                                  
l.4 ...çš„åº”ç”¨è¿›è¡Œäº†æµ‹è¯•ï¼Œæ”¶é›†äº†æµ‹è¯•
                                                  æ•°æ®ã€‚
You may provide a definition with
\DeclareUnicodeCharacter 


! Package inputenc Error: Unicode character æ•° (U+6570)
(inputenc)                not set up for use with LaTeX.

See the inputenc package documentation for explanation.
Type  H <return>  for immediate help.
 ...                                              
                                                  
l.4 ...„åº”ç”¨è¿›è¡Œäº†æµ‹è¯•ï¼Œæ”¶é›†äº†æµ‹è¯•æ•°
                                                  æ®ã€‚
You may provide a definition with
\DeclareUnicodeCharacter 


! Package inputenc Error: Unicode character æ® (U+636E)
(inputenc)                not set up for use with LaTeX.

See the inputenc package documentation for explanation.
Type  H <return>  for immediate help.
 ...                                              
                                                  
l.4 ...”ç”¨è¿›è¡Œäº†æµ‹è¯•ï¼Œæ”¶é›†äº†æµ‹è¯•æ•°æ®
                                                  ã€‚
You may provide a definition with
\DeclareUnicodeCharacter 


! Package inputenc Error: Unicode character ã€‚ (U+3002)
(inputenc)                not set up for use with LaTeX.

See the inputenc package documentation for explanation.
Type  H <return>  for immediate help.
 ...                                              
                                                  
l.4 ...¨è¿›è¡Œäº†æµ‹è¯•ï¼Œæ”¶é›†äº†æµ‹è¯•æ•°æ®ã€‚
                                                  
You may provide a definition with
\DeclareUnicodeCharacter 

! Undefined control sequence.
l.6 \section
            {ä»¿çœŸæµ‹è¯•}
The control sequence at the end of the top line
of your error message was never \def'ed. If you have
misspelled it (e.g., `\hobx'), type `I' and the correct
spelling (e.g., `I\hbox'). Otherwise just continue,
and I'll forget about whatever was undefined.


! Package inputenc Error: Unicode character ä»¿ (U+4EFF)
(inputenc)                not set up for use with LaTeX.

See the inputenc package documentation for explanation.
Type  H <return>  for immediate help.
 ...                                              
                                                  
l.6 \section{ä»¿
                çœŸæµ‹è¯•}
You may provide a definition with
\DeclareUnicodeCharacter 


! Package inputenc Error: Unicode character çœŸ (U+771F)
(inputenc)                not set up for use with LaTeX.

See the inputenc package documentation for explanation.
Type  H <return>  for immediate help.
 ...                                              
                                                  
l.6 \section{ä»¿çœŸ
                   æµ‹è¯•}
You may provide a definition with
\DeclareUnicodeCharacter 


! Package inputenc Error: Unicode character æµ‹ (U+6D4B)
(inputenc)                not set up for use with LaTeX.

See the inputenc package documentation for explanation.
Type  H <return>  for immediate help.
 ...                                              
                                                  
l.6 \section{ä»¿çœŸæµ‹
                      è¯•}
You may provide a definition with
\DeclareUnicodeCharacter 


! Package inputenc Error: Unicode character è¯• (U+8BD5)
(inputenc)                not set up for use with LaTeX.

See the inputenc package documentation for explanation.
Type  H <return>  for immediate help.
 ...                                              
                                                  
l.6 \section{ä»¿çœŸæµ‹è¯•
                         }
You may provide a definition with
\DeclareUnicodeCharacter 

! Undefined control sequence.
l.8 \subsection
               {ä»¿çœŸåº”ç”¨}
The control sequence at the end of the top line
of your error message was never \def'ed. If you have
misspelled it (e.g., `\hobx'), type `I' and the correct
spelling (e.g., `I\hbox'). Otherwise just continue,
and I'll forget about whatever was undefined.


! Package inputenc Error: Unicode character ä»¿ (U+4EFF)
(inputenc)                not set up for use with LaTeX.

See the inputenc package documentation for explanation.
Type  H <return>  for immediate help.
 ...                                              
                                                  
l.8 \subsection{ä»¿
                   çœŸåº”ç”¨}
You may provide a definition with
\DeclareUnicodeCharacter 


! Package inputenc Error: Unicode character çœŸ (U+771F)
(inputenc)                not set up for use with LaTeX.

See the inputenc package documentation for explanation.
Type  H <return>  for immediate help.
 ...                                              
                                                  
l.8 \subsection{ä»¿çœŸ
                      åº”ç”¨}
You may provide a definition with
\DeclareUnicodeCharacter 


! Package inputenc Error: Unicode character åº” (U+5E94)
(inputenc)                not set up for use with LaTeX.

See the inputenc package documentation for explanation.
Type  H <return>  for immediate help.
 ...                                              
                                                  
l.8 \subsection{ä»¿çœŸåº”
                         ç”¨}
You may provide a definition with
\DeclareUnicodeCharacter 


! Package inputenc Error: Unicode character ç”¨ (U+7528)
(inputenc)                not set up for use with LaTeX.

See the inputenc package documentation for explanation.
Type  H <return>  for immediate help.
 ...                                              
                                                  
l.8 \subsection{ä»¿çœŸåº”ç”¨
                            }
You may provide a definition with
\DeclareUnicodeCharacter 


! Package inputenc Error: Unicode character ä»¿ (U+4EFF)
(inputenc)                not set up for use with LaTeX.

See the inputenc package documentation for explanation.
Type  H <return>  for immediate help.
 ...                                              
                                                  
l.10 ä»¿
        çœŸåº”ç”¨åº”åŒæ—¶å…·æœ‰ä¸¤ä¸ª\textbf{å…¬å¼€æœåŠ¡}ä»¥åŠä¸¤ä¸ª\text...

You may provide a definition with
\DeclareUnicodeCharacter 


! Package inputenc Error: Unicode character çœŸ (U+771F)
(inputenc)                not set up for use with LaTeX.

See the inputenc package documentation for explanation.
Type  H <return>  for immediate help.
 ...                                              
                                                  
l.10 ä»¿çœŸ
           åº”ç”¨åº”åŒæ—¶å…·æœ‰ä¸¤ä¸ª\textbf{å…¬å¼€æœåŠ¡}ä»¥åŠä¸¤ä¸ª\text...

You may provide a definition with
\DeclareUnicodeCharacter 


! Package inputenc Error: Unicode character åº” (U+5E94)
(inputenc)                not set up for use with LaTeX.

See the inputenc package documentation for explanation.
Type  H <return>  for immediate help.
 ...                                              
                                                  
l.10 ä»¿çœŸåº”
              ç”¨åº”åŒæ—¶å…·æœ‰ä¸¤ä¸ª\textbf{å…¬å¼€æœåŠ¡}ä»¥åŠä¸¤ä¸ª\text...

You may provide a definition with
\DeclareUnicodeCharacter 


! Package inputenc Error: Unicode character ç”¨ (U+7528)
(inputenc)                not set up for use with LaTeX.

See the inputenc package documentation for explanation.
Type  H <return>  for immediate help.
 ...                                              
                                                  
l.10 ä»¿çœŸåº”ç”¨
                 åº”åŒæ—¶å…·æœ‰ä¸¤ä¸ª\textbf{å…¬å¼€æœåŠ¡}ä»¥åŠä¸¤ä¸ª\text...

You may provide a definition with
\DeclareUnicodeCharacter 


! Package inputenc Error: Unicode character åº” (U+5E94)
(inputenc)                not set up for use with LaTeX.

See the inputenc package documentation for explanation.
Type  H <return>  for immediate help.
 ...                                              
                                                  
l.10 ä»¿çœŸåº”ç”¨åº”
                    åŒæ—¶å…·æœ‰ä¸¤ä¸ª\textbf{å…¬å¼€æœåŠ¡}ä»¥åŠä¸¤ä¸ª\text...

You may provide a definition with
\DeclareUnicodeCharacter 


! Package inputenc Error: Unicode character åŒ (U+540C)
(inputenc)                not set up for use with LaTeX.

See the inputenc package documentation for explanation.
Type  H <return>  for immediate help.
 ...                                              
                                                  
l.10 ä»¿çœŸåº”ç”¨åº”åŒ
                       æ—¶å…·æœ‰ä¸¤ä¸ª\textbf{å…¬å¼€æœåŠ¡}ä»¥åŠä¸¤ä¸ª\text...

You may provide a definition with
\DeclareUnicodeCharacter 


! Package inputenc Error: Unicode character æ—¶ (U+65F6)
(inputenc)                not set up for use with LaTeX.

See the inputenc package documentation for explanation.
Type  H <return>  for immediate help.
 ...                                              
                                                  
l.10 ä»¿çœŸåº”ç”¨åº”åŒæ—¶
                          å…·æœ‰ä¸¤ä¸ª\textbf{å…¬å¼€æœåŠ¡}ä»¥åŠä¸¤ä¸ª\text...

You may provide a definition with
\DeclareUnicodeCharacter 


! Package inputenc Error: Unicode character å…· (U+5177)
(inputenc)                not set up for use with LaTeX.

See the inputenc package documentation for explanation.
Type  H <return>  for immediate help.
 ...                                              
                                                  
l.10 ä»¿çœŸåº”ç”¨åº”åŒæ—¶å…·
                             æœ‰ä¸¤ä¸ª\textbf{å…¬å¼€æœåŠ¡}ä»¥åŠä¸¤ä¸ª\text...

You may provide a definition with
\DeclareUnicodeCharacter 


! Package inputenc Error: Unicode character æœ‰ (U+6709)
(inputenc)                not set up for use with LaTeX.

See the inputenc package documentation for explanation.
Type  H <return>  for immediate help.
 ...                                              
                                                  
l.10 ä»¿çœŸåº”ç”¨åº”åŒæ—¶å…·æœ‰
                                ä¸¤ä¸ª\textbf{å…¬å¼€æœåŠ¡}ä»¥åŠä¸¤ä¸ª\text...

You may provide a definition with
\DeclareUnicodeCharacter 


! Package inputenc Error: Unicode character ä¸¤ (U+4E24)
(inputenc)                not set up for use with LaTeX.

See the inputenc package documentation for explanation.
Type  H <return>  for immediate help.
 ...                                              
                                                  
l.10 ä»¿çœŸåº”ç”¨åº”åŒæ—¶å…·æœ‰ä¸¤
                                   ä¸ª\textbf{å…¬å¼€æœåŠ¡}ä»¥åŠä¸¤ä¸ª\text...

You may provide a definition with
\DeclareUnicodeCharacter 


! Package inputenc Error: Unicode character ä¸ª (U+4E2A)
(inputenc)                not set up for use with LaTeX.

See the inputenc package documentation for explanation.
Type  H <return>  for immediate help.
 ...                                              
                                                  
l.10 ä»¿çœŸåº”ç”¨åº”åŒæ—¶å…·æœ‰ä¸¤ä¸ª
                                      \textbf{å…¬å¼€æœåŠ¡}ä»¥åŠä¸¤ä¸ª\text...

You may provide a definition with
\DeclareUnicodeCharacter 


! LaTeX Error: Missing \begin{document}.

See the LaTeX manual or LaTeX Companion for explanation.
Type  H <return>  for immediate help.
 ...                                              
                                                  
l.10 ...åº”åŒæ—¶å…·æœ‰ä¸¤ä¸ª\textbf{å…¬å¼€æœåŠ¡}
                                                  ä»¥åŠä¸¤ä¸ª\textbf{æ¸…å•...

You're in trouble here.  Try typing  <return>  to proceed.
If that doesn't work, type  X <return>  to quit.


! Package inputenc Error: Unicode character å…¬ (U+516C)
(inputenc)                not set up for use with LaTeX.

See the inputenc package documentation for explanation.
Type  H <return>  for immediate help.
 ...                                              
                                                  
l.10 ...åº”åŒæ—¶å…·æœ‰ä¸¤ä¸ª\textbf{å…¬å¼€æœåŠ¡}
                                                  ä»¥åŠä¸¤ä¸ª\textbf{æ¸…å•...

You may provide a definition with
\DeclareUnicodeCharacter 


! Package inputenc Error: Unicode character å¼€ (U+5F00)
(inputenc)                not set up for use with LaTeX.

See the inputenc package documentation for explanation.
Type  H <return>  for immediate help.
 ...                                              
                                                  
l.10 ...åº”åŒæ—¶å…·æœ‰ä¸¤ä¸ª\textbf{å…¬å¼€æœåŠ¡}
                                                  ä»¥åŠä¸¤ä¸ª\textbf{æ¸…å•...

You may provide a definition with
\DeclareUnicodeCharacter 


! Package inputenc Error: Unicode character æœ (U+670D)
(inputenc)                not set up for use with LaTeX.

See the inputenc package documentation for explanation.
Type  H <return>  for immediate help.
 ...                                              
                                                  
l.10 ...åº”åŒæ—¶å…·æœ‰ä¸¤ä¸ª\textbf{å…¬å¼€æœåŠ¡}
                                                  ä»¥åŠä¸¤ä¸ª\textbf{æ¸…å•...

You may provide a definition with
\DeclareUnicodeCharacter 


! Package inputenc Error: Unicode character åŠ¡ (U+52A1)
(inputenc)                not set up for use with LaTeX.

See the inputenc package documentation for explanation.
Type  H <return>  for immediate help.
 ...                                              
                                                  
l.10 ...åº”åŒæ—¶å…·æœ‰ä¸¤ä¸ª\textbf{å…¬å¼€æœåŠ¡}
                                                  ä»¥åŠä¸¤ä¸ª\textbf{æ¸…å•...

You may provide a definition with
\DeclareUnicodeCharacter 


! Package inputenc Error: Unicode character ä»¥ (U+4EE5)
(inputenc)                not set up for use with LaTeX.

See the inputenc package documentation for explanation.
Type  H <return>  for immediate help.
 ...                                              
                                                  
l.10 ...åŒæ—¶å…·æœ‰ä¸¤ä¸ª\textbf{å…¬å¼€æœåŠ¡}ä»¥
                                                  åŠä¸¤ä¸ª\textbf{æ¸…å•å£°...

You may provide a definition with
\DeclareUnicodeCharacter 


! Package inputenc Error: Unicode character åŠ (U+53CA)
(inputenc)                not set up for use with LaTeX.

See the inputenc package documentation for explanation.
Type  H <return>  for immediate help.
 ...                                              
                                                  
l.10 ...æ—¶å…·æœ‰ä¸¤ä¸ª\textbf{å…¬å¼€æœåŠ¡}ä»¥åŠ
                                                  ä¸¤ä¸ª\textbf{æ¸…å•å£°æ˜...

You may provide a definition with
\DeclareUnicodeCharacter 


! Package inputenc Error: Unicode character ä¸¤ (U+4E24)
(inputenc)                not set up for use with LaTeX.

See the inputenc package documentation for explanation.
Type  H <return>  for immediate help.
 ...                                              
                                                  
l.10 ...å…·æœ‰ä¸¤ä¸ª\textbf{å…¬å¼€æœåŠ¡}ä»¥åŠä¸¤
                                                  ä¸ª\textbf{æ¸…å•å£°æ˜çš„...

You may provide a definition with
\DeclareUnicodeCharacter 


! Package inputenc Error: Unicode character ä¸ª (U+4E2A)
(inputenc)                not set up for use with LaTeX.

See the inputenc package documentation for explanation.
Type  H <return>  for immediate help.
 ...                                              
                                                  
l.10 ...æœ‰ä¸¤ä¸ª\textbf{å…¬å¼€æœåŠ¡}ä»¥åŠä¸¤ä¸ª
                                                  \textbf{æ¸…å•å£°æ˜çš„å¹¿...

You may provide a definition with
\DeclareUnicodeCharacter 


! Package inputenc Error: Unicode character æ¸… (U+6E05)
(inputenc)                not set up for use with LaTeX.

See the inputenc package documentation for explanation.
Type  H <return>  for immediate help.
 ...                                              
                                                  
l.10 ...ä¸ª\textbf{æ¸…å•å£°æ˜çš„å¹¿æ’­æ¥æ”¶å™¨}
                                                  ã€‚å…¶ä¸­æ¯ä¸ªæ§ä»¶ä¹‹ä¸...

You may provide a definition with
\DeclareUnicodeCharacter 


! Package inputenc Error: Unicode character å• (U+5355)
(inputenc)                not set up for use with LaTeX.

See the inputenc package documentation for explanation.
Type  H <return>  for immediate help.
 ...                                              
                                                  
l.10 ...ä¸ª\textbf{æ¸…å•å£°æ˜çš„å¹¿æ’­æ¥æ”¶å™¨}
                                                  ã€‚å…¶ä¸­æ¯ä¸ªæ§ä»¶ä¹‹ä¸...

You may provide a definition with
\DeclareUnicodeCharacter 


! Package inputenc Error: Unicode character å£° (U+58F0)
(inputenc)                not set up for use with LaTeX.

See the inputenc package documentation for explanation.
Type  H <return>  for immediate help.
 ...                                              
                                                  
l.10 ...ä¸ª\textbf{æ¸…å•å£°æ˜çš„å¹¿æ’­æ¥æ”¶å™¨}
                                                  ã€‚å…¶ä¸­æ¯ä¸ªæ§ä»¶ä¹‹ä¸...

You may provide a definition with
\DeclareUnicodeCharacter 


! Package inputenc Error: Unicode character æ˜ (U+660E)
(inputenc)                not set up for use with LaTeX.

See the inputenc package documentation for explanation.
Type  H <return>  for immediate help.
 ...                                              
                                                  
l.10 ...ä¸ª\textbf{æ¸…å•å£°æ˜çš„å¹¿æ’­æ¥æ”¶å™¨}
                                                  ã€‚å…¶ä¸­æ¯ä¸ªæ§ä»¶ä¹‹ä¸...

You may provide a definition with
\DeclareUnicodeCharacter 


! Package inputenc Error: Unicode character çš„ (U+7684)
(inputenc)                not set up for use with LaTeX.

See the inputenc package documentation for explanation.
Type  H <return>  for immediate help.
 ...                                              
                                                  
l.10 ...ä¸ª\textbf{æ¸…å•å£°æ˜çš„å¹¿æ’­æ¥æ”¶å™¨}
                                                  ã€‚å…¶ä¸­æ¯ä¸ªæ§ä»¶ä¹‹ä¸...

You may provide a definition with
\DeclareUnicodeCharacter 


! Package inputenc Error: Unicode character å¹¿ (U+5E7F)
(inputenc)                not set up for use with LaTeX.

See the inputenc package documentation for explanation.
Type  H <return>  for immediate help.
 ...                                              
                                                  
l.10 ...ä¸ª\textbf{æ¸…å•å£°æ˜çš„å¹¿æ’­æ¥æ”¶å™¨}
                                                  ã€‚å…¶ä¸­æ¯ä¸ªæ§ä»¶ä¹‹ä¸...
(That makes 100 errors; please try again.) 
Here is how much of TeX's memory you used:
 64 strings out of 492623
 698 string characters out of 6133290
 57643 words of memory out of 5000000
 4075 multiletter control sequences out of 15000+600000
 3948 words of font info for 15 fonts, out of 8000000 for 9000
 1141 hyphenation exceptions out of 8191
 13i,1n,12p,364b,74s stack positions out of 5000i,500n,10000p,200000b,80000s

!  ==> Fatal error occurred, no output PDF file produced!
