\BOOKMARK [0][-]{cover.0}{中文封面}{}% 1
\BOOKMARK [0][-]{abstract.0}{中文摘要}{}% 2
\BOOKMARK [0][-]{chapter*.1}{目 录}{}% 3
\BOOKMARK [0][-]{chapter*.2}{插图清单}{}% 4
\BOOKMARK [0][-]{chapter.1}{1 绪论}{}% 5
\BOOKMARK [1][-]{section.1.1}{1.1 研究背景}{chapter.1}% 6
\BOOKMARK [1][-]{section.1.2}{1.2 相关工作}{chapter.1}% 7
\BOOKMARK [1][-]{section.1.3}{1.3 本文主要工作}{chapter.1}% 8
\BOOKMARK [1][-]{section.1.4}{1.4 本文结构}{chapter.1}% 9
\BOOKMARK [0][-]{chapter.2}{2 自动化检测工具}{}% 10
\BOOKMARK [1][-]{section.2.1}{2.1 背景}{chapter.2}% 11
\BOOKMARK [2][-]{subsection.2.1.1}{2.1.1 安卓服务}{section.2.1}% 12
\BOOKMARK [2][-]{subsection.2.1.2}{2.1.2 服务的生命周期}{section.2.1}% 13
\BOOKMARK [2][-]{subsection.2.1.3}{2.1.3 服务的注册方式}{section.2.1}% 14
\BOOKMARK [1][-]{section.2.2}{2.2 公式}{chapter.2}% 15
\BOOKMARK [1][-]{section.2.3}{2.3 表格}{chapter.2}% 16
\BOOKMARK [1][-]{section.2.4}{2.4 算法}{chapter.2}% 17
\BOOKMARK [0][-]{chapter.3}{3 实验}{}% 18
\BOOKMARK [1][-]{section.3.1}{3.1 实现细节}{chapter.3}% 19
\BOOKMARK [1][-]{section.3.2}{3.2 文本分行结果}{chapter.3}% 20
\BOOKMARK [1][-]{section.3.3}{3.3 识别结果}{chapter.3}% 21
\BOOKMARK [2][-]{subsection.3.3.1}{3.3.1 准确率}{section.3.3}% 22
\BOOKMARK [0][-]{chapter.4}{4 总结与讨论}{}% 23
\BOOKMARK [0][-]{chapter*.5}{参考文献}{}% 24
\BOOKMARK [0][-]{chapter*.6}{致 谢}{}% 25
