二月 13, 2020 11:24:53 下午 org.eclipse.birt.chart.device.swt.SwtDisplayServer <init>
信息: SWT Display Server: win32 v4,880
二月 13, 2020 11:24:53 下午 org.eclipse.birt.chart.device.swt.R31Enhance <clinit>
信息: Advanced SWT graphics functions enabled.
二月 13, 2020 11:24:53 下午 org.eclipse.birt.chart.device.swt.SwtRendererImpl setProperty
信息: Using graphics context org.eclipse.swt.graphics.GC@GC {-2029970213}
二月 13, 2020 11:24:54 下午 org.eclipse.birt.chart.script.AbstractScriptHandler register
信息: Trying to load Chart Java event handler class...
二月 13, 2020 11:24:54 下午 org.eclipse.birt.chart.script.AbstractScriptHandler register
信息: A Chart Java event handler class [class org.eclipse.mat.impl.chart.StorageUnitRenderScript] has been loaded successfully.
二月 13, 2020 11:24:54 下午 org.eclipse.birt.chart.render.EmptyWithoutAxes renderSeries
信息: org.eclipse.birt.chart.render.EmptyWithoutAxes: renderSeries() [1/2]
二月 13, 2020 11:24:54 下午 org.eclipse.birt.chart.extension.render.Pie renderSeries
信息: {0}: renderSeries() [{1}/{2}]org.eclipse.birt.chart.extension.render.Pie22
二月 13, 2020 11:25:00 下午 org.eclipse.birt.chart.device.swing.SwingDisplayServer <init>
信息: SWING Display Server: Oracle Corporation v1.8.0_211
二月 13, 2020 11:25:00 下午 org.eclipse.birt.chart.script.AbstractScriptHandler register
信息: Trying to load Chart Java event handler class...
二月 13, 2020 11:25:00 下午 org.eclipse.birt.chart.script.AbstractScriptHandler register
信息: A Chart Java event handler class [class org.eclipse.mat.impl.chart.LabelRenderScript] has been loaded successfully.
二月 13, 2020 11:25:00 下午 org.eclipse.birt.chart.device.swing.SwingRendererImpl prepareGraphicsContext
信息: Using graphics context sun.java2d.SunGraphics2D[font=java.awt.Font[family=Dialog,name=Dialog,style=plain,size=12],color=java.awt.Color[r=255,g=255,b=255]]
二月 13, 2020 11:25:00 下午 org.eclipse.birt.chart.render.EmptyWithoutAxes renderSeries
信息: org.eclipse.birt.chart.render.EmptyWithoutAxes: renderSeries() [1/2]
二月 13, 2020 11:25:00 下午 org.eclipse.birt.chart.extension.render.Pie renderSeries
信息: {0}: renderSeries() [{1}/{2}]org.eclipse.birt.chart.extension.render.Pie22
二月 13, 2020 11:25:01 下午 org.eclipse.birt.chart.device.image.JavaxImageIOWriter after
信息: Using {0} image writer {1}pngcom.sun.imageio.plugins.png.PNGImageWriter
二月 13, 2020 11:25:01 下午 org.eclipse.birt.chart.device.swing.SwingDisplayServer <init>
信息: SWING Display Server: Oracle Corporation v1.8.0_211
二月 13, 2020 11:25:01 下午 org.eclipse.birt.chart.script.AbstractScriptHandler register
信息: Trying to load Chart Java event handler class...
二月 13, 2020 11:25:01 下午 org.eclipse.birt.chart.script.AbstractScriptHandler register
信息: A Chart Java event handler class [class org.eclipse.mat.impl.chart.LabelRenderScript] has been loaded successfully.
二月 13, 2020 11:25:01 下午 org.eclipse.birt.chart.device.swing.SwingRendererImpl prepareGraphicsContext
信息: Using graphics context sun.java2d.SunGraphics2D[font=java.awt.Font[family=Dialog,name=Dialog,style=plain,size=12],color=java.awt.Color[r=255,g=255,b=255]]
二月 13, 2020 11:25:01 下午 org.eclipse.birt.chart.render.EmptyWithoutAxes renderSeries
信息: org.eclipse.birt.chart.render.EmptyWithoutAxes: renderSeries() [1/2]
二月 13, 2020 11:25:01 下午 org.eclipse.birt.chart.extension.render.Pie renderSeries
信息: {0}: renderSeries() [{1}/{2}]org.eclipse.birt.chart.extension.render.Pie22
二月 13, 2020 11:25:01 下午 org.eclipse.birt.chart.device.image.JavaxImageIOWriter after
信息: Using {0} image writer {1}pngcom.sun.imageio.plugins.png.PNGImageWriter
二月 13, 2020 11:25:01 下午 org.eclipse.birt.chart.device.swing.SwingDisplayServer <init>
信息: SWING Display Server: Oracle Corporation v1.8.0_211
二月 13, 2020 11:25:01 下午 org.eclipse.birt.chart.script.AbstractScriptHandler register
信息: Trying to load Chart Java event handler class...
二月 13, 2020 11:25:01 下午 org.eclipse.birt.chart.script.AbstractScriptHandler register
信息: A Chart Java event handler class [class org.eclipse.mat.impl.chart.LabelRenderScript] has been loaded successfully.
二月 13, 2020 11:25:01 下午 org.eclipse.birt.chart.device.swing.SwingRendererImpl prepareGraphicsContext
信息: Using graphics context sun.java2d.SunGraphics2D[font=java.awt.Font[family=Dialog,name=Dialog,style=plain,size=12],color=java.awt.Color[r=255,g=255,b=255]]
二月 13, 2020 11:25:01 下午 org.eclipse.birt.chart.render.EmptyWithoutAxes renderSeries
信息: org.eclipse.birt.chart.render.EmptyWithoutAxes: renderSeries() [1/2]
二月 13, 2020 11:25:01 下午 org.eclipse.birt.chart.extension.render.Pie renderSeries
信息: {0}: renderSeries() [{1}/{2}]org.eclipse.birt.chart.extension.render.Pie22
二月 13, 2020 11:25:01 下午 org.eclipse.birt.chart.device.image.JavaxImageIOWriter after
信息: Using {0} image writer {1}pngcom.sun.imageio.plugins.png.PNGImageWriter
二月 13, 2020 11:25:01 下午 org.eclipse.birt.chart.device.swing.SwingDisplayServer <init>
信息: SWING Display Server: Oracle Corporation v1.8.0_211
二月 13, 2020 11:25:01 下午 org.eclipse.birt.chart.script.AbstractScriptHandler register
信息: Trying to load Chart Java event handler class...
二月 13, 2020 11:25:01 下午 org.eclipse.birt.chart.script.AbstractScriptHandler register
信息: A Chart Java event handler class [class org.eclipse.mat.impl.chart.LabelRenderScript] has been loaded successfully.
二月 13, 2020 11:25:01 下午 org.eclipse.birt.chart.device.swing.SwingRendererImpl prepareGraphicsContext
信息: Using graphics context sun.java2d.SunGraphics2D[font=java.awt.Font[family=Dialog,name=Dialog,style=plain,size=12],color=java.awt.Color[r=255,g=255,b=255]]
二月 13, 2020 11:25:01 下午 org.eclipse.birt.chart.render.EmptyWithoutAxes renderSeries
信息: org.eclipse.birt.chart.render.EmptyWithoutAxes: renderSeries() [1/2]
二月 13, 2020 11:25:01 下午 org.eclipse.birt.chart.extension.render.Pie renderSeries
信息: {0}: renderSeries() [{1}/{2}]org.eclipse.birt.chart.extension.render.Pie22
二月 13, 2020 11:25:01 下午 org.eclipse.birt.chart.device.image.JavaxImageIOWriter after
信息: Using {0} image writer {1}pngcom.sun.imageio.plugins.png.PNGImageWriter
二月 14, 2020 10:42:20 上午 org.eclipse.birt.chart.device.swt.SwtRendererImpl setProperty
信息: Using graphics context org.eclipse.swt.graphics.GC@GC {822154064}
二月 14, 2020 10:42:20 上午 org.eclipse.birt.chart.script.AbstractScriptHandler register
信息: Trying to load Chart Java event handler class...
二月 14, 2020 10:42:20 上午 org.eclipse.birt.chart.script.AbstractScriptHandler register
信息: A Chart Java event handler class [class org.eclipse.mat.impl.chart.StorageUnitRenderScript] has been loaded successfully.
二月 14, 2020 10:42:20 上午 org.eclipse.birt.chart.render.EmptyWithoutAxes renderSeries
信息: org.eclipse.birt.chart.render.EmptyWithoutAxes: renderSeries() [1/2]
二月 14, 2020 10:42:20 上午 org.eclipse.birt.chart.extension.render.Pie renderSeries
信息: {0}: renderSeries() [{1}/{2}]org.eclipse.birt.chart.extension.render.Pie22
二月 14, 2020 2:25:37 下午 org.eclipse.birt.chart.device.swt.SwtDisplayServer <init>
信息: SWT Display Server: win32 v4,880
二月 14, 2020 2:25:37 下午 org.eclipse.birt.chart.device.swt.SwtRendererImpl setProperty
信息: Using graphics context org.eclipse.swt.graphics.GC@GC {50410981}
二月 14, 2020 2:25:37 下午 org.eclipse.birt.chart.script.AbstractScriptHandler register
信息: Trying to load Chart Java event handler class...
二月 14, 2020 2:25:37 下午 org.eclipse.birt.chart.script.AbstractScriptHandler register
信息: A Chart Java event handler class [class org.eclipse.mat.impl.chart.StorageUnitRenderScript] has been loaded successfully.
二月 14, 2020 2:25:37 下午 org.eclipse.birt.chart.render.EmptyWithoutAxes renderSeries
信息: org.eclipse.birt.chart.render.EmptyWithoutAxes: renderSeries() [1/2]
二月 14, 2020 2:25:37 下午 org.eclipse.birt.chart.extension.render.Pie renderSeries
信息: {0}: renderSeries() [{1}/{2}]org.eclipse.birt.chart.extension.render.Pie22
二月 14, 2020 2:25:42 下午 org.eclipse.birt.chart.device.swing.SwingDisplayServer <init>
信息: SWING Display Server: Oracle Corporation v1.8.0_211
二月 14, 2020 2:25:42 下午 org.eclipse.birt.chart.script.AbstractScriptHandler register
信息: Trying to load Chart Java event handler class...
二月 14, 2020 2:25:42 下午 org.eclipse.birt.chart.script.AbstractScriptHandler register
信息: A Chart Java event handler class [class org.eclipse.mat.impl.chart.LabelRenderScript] has been loaded successfully.
二月 14, 2020 2:25:42 下午 org.eclipse.birt.chart.device.swing.SwingRendererImpl prepareGraphicsContext
信息: Using graphics context sun.java2d.SunGraphics2D[font=java.awt.Font[family=Dialog,name=Dialog,style=plain,size=12],color=java.awt.Color[r=255,g=255,b=255]]
二月 14, 2020 2:25:42 下午 org.eclipse.birt.chart.render.EmptyWithoutAxes renderSeries
信息: org.eclipse.birt.chart.render.EmptyWithoutAxes: renderSeries() [1/2]
二月 14, 2020 2:25:42 下午 org.eclipse.birt.chart.extension.render.Pie renderSeries
信息: {0}: renderSeries() [{1}/{2}]org.eclipse.birt.chart.extension.render.Pie22
二月 14, 2020 2:25:42 下午 org.eclipse.birt.chart.device.image.JavaxImageIOWriter after
信息: Using {0} image writer {1}pngcom.sun.imageio.plugins.png.PNGImageWriter
二月 14, 2020 2:25:42 下午 org.eclipse.birt.chart.device.swing.SwingDisplayServer <init>
信息: SWING Display Server: Oracle Corporation v1.8.0_211
二月 14, 2020 2:25:42 下午 org.eclipse.birt.chart.script.AbstractScriptHandler register
信息: Trying to load Chart Java event handler class...
二月 14, 2020 2:25:42 下午 org.eclipse.birt.chart.script.AbstractScriptHandler register
信息: A Chart Java event handler class [class org.eclipse.mat.impl.chart.LabelRenderScript] has been loaded successfully.
二月 14, 2020 2:25:42 下午 org.eclipse.birt.chart.device.swing.SwingRendererImpl prepareGraphicsContext
信息: Using graphics context sun.java2d.SunGraphics2D[font=java.awt.Font[family=Dialog,name=Dialog,style=plain,size=12],color=java.awt.Color[r=255,g=255,b=255]]
二月 14, 2020 2:25:42 下午 org.eclipse.birt.chart.render.EmptyWithoutAxes renderSeries
信息: org.eclipse.birt.chart.render.EmptyWithoutAxes: renderSeries() [1/2]
二月 14, 2020 2:25:42 下午 org.eclipse.birt.chart.extension.render.Pie renderSeries
信息: {0}: renderSeries() [{1}/{2}]org.eclipse.birt.chart.extension.render.Pie22
二月 14, 2020 2:25:42 下午 org.eclipse.birt.chart.device.image.JavaxImageIOWriter after
信息: Using {0} image writer {1}pngcom.sun.imageio.plugins.png.PNGImageWriter
二月 14, 2020 2:25:42 下午 org.eclipse.birt.chart.device.swing.SwingDisplayServer <init>
信息: SWING Display Server: Oracle Corporation v1.8.0_211
二月 14, 2020 2:25:42 下午 org.eclipse.birt.chart.script.AbstractScriptHandler register
信息: Trying to load Chart Java event handler class...
二月 14, 2020 2:25:42 下午 org.eclipse.birt.chart.script.AbstractScriptHandler register
信息: A Chart Java event handler class [class org.eclipse.mat.impl.chart.LabelRenderScript] has been loaded successfully.
二月 14, 2020 2:25:42 下午 org.eclipse.birt.chart.device.swing.SwingRendererImpl prepareGraphicsContext
信息: Using graphics context sun.java2d.SunGraphics2D[font=java.awt.Font[family=Dialog,name=Dialog,style=plain,size=12],color=java.awt.Color[r=255,g=255,b=255]]
二月 14, 2020 2:25:42 下午 org.eclipse.birt.chart.render.EmptyWithoutAxes renderSeries
信息: org.eclipse.birt.chart.render.EmptyWithoutAxes: renderSeries() [1/2]
二月 14, 2020 2:25:42 下午 org.eclipse.birt.chart.extension.render.Pie renderSeries
信息: {0}: renderSeries() [{1}/{2}]org.eclipse.birt.chart.extension.render.Pie22
二月 14, 2020 2:25:42 下午 org.eclipse.birt.chart.device.image.JavaxImageIOWriter after
信息: Using {0} image writer {1}pngcom.sun.imageio.plugins.png.PNGImageWriter
二月 14, 2020 2:25:43 下午 org.eclipse.birt.chart.device.swing.SwingDisplayServer <init>
信息: SWING Display Server: Oracle Corporation v1.8.0_211
二月 14, 2020 2:25:43 下午 org.eclipse.birt.chart.script.AbstractScriptHandler register
信息: Trying to load Chart Java event handler class...
二月 14, 2020 2:25:43 下午 org.eclipse.birt.chart.script.AbstractScriptHandler register
信息: A Chart Java event handler class [class org.eclipse.mat.impl.chart.LabelRenderScript] has been loaded successfully.
二月 14, 2020 2:25:43 下午 org.eclipse.birt.chart.device.swing.SwingRendererImpl prepareGraphicsContext
信息: Using graphics context sun.java2d.SunGraphics2D[font=java.awt.Font[family=Dialog,name=Dialog,style=plain,size=12],color=java.awt.Color[r=255,g=255,b=255]]
二月 14, 2020 2:25:43 下午 org.eclipse.birt.chart.render.EmptyWithoutAxes renderSeries
信息: org.eclipse.birt.chart.render.EmptyWithoutAxes: renderSeries() [1/2]
二月 14, 2020 2:25:43 下午 org.eclipse.birt.chart.extension.render.Pie renderSeries
信息: {0}: renderSeries() [{1}/{2}]org.eclipse.birt.chart.extension.render.Pie22
二月 14, 2020 2:25:43 下午 org.eclipse.birt.chart.device.image.JavaxImageIOWriter after
信息: Using {0} image writer {1}pngcom.sun.imageio.plugins.png.PNGImageWriter
二月 14, 2020 2:27:00 下午 org.eclipse.birt.chart.device.swt.SwtRendererImpl setProperty
信息: Using graphics context org.eclipse.swt.graphics.GC@GC {-1694418774}
二月 14, 2020 2:27:00 下午 org.eclipse.birt.chart.script.AbstractScriptHandler register
信息: Trying to load Chart Java event handler class...
二月 14, 2020 2:27:00 下午 org.eclipse.birt.chart.script.AbstractScriptHandler register
信息: A Chart Java event handler class [class org.eclipse.mat.impl.chart.StorageUnitRenderScript] has been loaded successfully.
二月 14, 2020 2:27:00 下午 org.eclipse.birt.chart.render.EmptyWithoutAxes renderSeries
信息: org.eclipse.birt.chart.render.EmptyWithoutAxes: renderSeries() [1/2]
二月 14, 2020 2:27:00 下午 org.eclipse.birt.chart.extension.render.Pie renderSeries
信息: {0}: renderSeries() [{1}/{2}]org.eclipse.birt.chart.extension.render.Pie22
二月 14, 2020 3:12:53 下午 org.eclipse.birt.chart.device.swt.SwtDisplayServer <init>
信息: SWT Display Server: win32 v4,880
二月 14, 2020 3:12:53 下午 org.eclipse.birt.chart.device.swt.SwtRendererImpl setProperty
信息: Using graphics context org.eclipse.swt.graphics.GC@GC {1157701526}
二月 14, 2020 3:12:53 下午 org.eclipse.birt.chart.script.AbstractScriptHandler register
信息: Trying to load Chart Java event handler class...
二月 14, 2020 3:12:53 下午 org.eclipse.birt.chart.script.AbstractScriptHandler register
信息: A Chart Java event handler class [class org.eclipse.mat.impl.chart.StorageUnitRenderScript] has been loaded successfully.
二月 14, 2020 3:12:53 下午 org.eclipse.birt.chart.render.EmptyWithoutAxes renderSeries
信息: org.eclipse.birt.chart.render.EmptyWithoutAxes: renderSeries() [1/2]
二月 14, 2020 3:12:53 下午 org.eclipse.birt.chart.extension.render.Pie renderSeries
信息: {0}: renderSeries() [{1}/{2}]org.eclipse.birt.chart.extension.render.Pie22
二月 14, 2020 3:12:55 下午 org.eclipse.birt.chart.device.swing.SwingDisplayServer <init>
信息: SWING Display Server: Oracle Corporation v1.8.0_211
二月 14, 2020 3:12:55 下午 org.eclipse.birt.chart.script.AbstractScriptHandler register
信息: Trying to load Chart Java event handler class...
二月 14, 2020 3:12:55 下午 org.eclipse.birt.chart.script.AbstractScriptHandler register
信息: A Chart Java event handler class [class org.eclipse.mat.impl.chart.LabelRenderScript] has been loaded successfully.
二月 14, 2020 3:12:55 下午 org.eclipse.birt.chart.device.swing.SwingRendererImpl prepareGraphicsContext
信息: Using graphics context sun.java2d.SunGraphics2D[font=java.awt.Font[family=Dialog,name=Dialog,style=plain,size=12],color=java.awt.Color[r=255,g=255,b=255]]
二月 14, 2020 3:12:55 下午 org.eclipse.birt.chart.render.EmptyWithoutAxes renderSeries
信息: org.eclipse.birt.chart.render.EmptyWithoutAxes: renderSeries() [1/2]
二月 14, 2020 3:12:55 下午 org.eclipse.birt.chart.extension.render.Pie renderSeries
信息: {0}: renderSeries() [{1}/{2}]org.eclipse.birt.chart.extension.render.Pie22
二月 14, 2020 3:12:55 下午 org.eclipse.birt.chart.device.image.JavaxImageIOWriter after
信息: Using {0} image writer {1}pngcom.sun.imageio.plugins.png.PNGImageWriter
二月 14, 2020 3:12:55 下午 org.eclipse.birt.chart.device.swing.SwingDisplayServer <init>
信息: SWING Display Server: Oracle Corporation v1.8.0_211
二月 14, 2020 3:12:55 下午 org.eclipse.birt.chart.script.AbstractScriptHandler register
信息: Trying to load Chart Java event handler class...
二月 14, 2020 3:12:55 下午 org.eclipse.birt.chart.script.AbstractScriptHandler register
信息: A Chart Java event handler class [class org.eclipse.mat.impl.chart.LabelRenderScript] has been loaded successfully.
二月 14, 2020 3:12:55 下午 org.eclipse.birt.chart.device.swing.SwingRendererImpl prepareGraphicsContext
信息: Using graphics context sun.java2d.SunGraphics2D[font=java.awt.Font[family=Dialog,name=Dialog,style=plain,size=12],color=java.awt.Color[r=255,g=255,b=255]]
二月 14, 2020 3:12:55 下午 org.eclipse.birt.chart.render.EmptyWithoutAxes renderSeries
信息: org.eclipse.birt.chart.render.EmptyWithoutAxes: renderSeries() [1/2]
二月 14, 2020 3:12:55 下午 org.eclipse.birt.chart.extension.render.Pie renderSeries
信息: {0}: renderSeries() [{1}/{2}]org.eclipse.birt.chart.extension.render.Pie22
二月 14, 2020 3:12:56 下午 org.eclipse.birt.chart.device.image.JavaxImageIOWriter after
信息: Using {0} image writer {1}pngcom.sun.imageio.plugins.png.PNGImageWriter
二月 14, 2020 3:12:56 下午 org.eclipse.birt.chart.device.swing.SwingDisplayServer <init>
信息: SWING Display Server: Oracle Corporation v1.8.0_211
二月 14, 2020 3:12:56 下午 org.eclipse.birt.chart.script.AbstractScriptHandler register
信息: Trying to load Chart Java event handler class...
二月 14, 2020 3:12:56 下午 org.eclipse.birt.chart.script.AbstractScriptHandler register
信息: A Chart Java event handler class [class org.eclipse.mat.impl.chart.LabelRenderScript] has been loaded successfully.
二月 14, 2020 3:12:56 下午 org.eclipse.birt.chart.device.swing.SwingRendererImpl prepareGraphicsContext
信息: Using graphics context sun.java2d.SunGraphics2D[font=java.awt.Font[family=Dialog,name=Dialog,style=plain,size=12],color=java.awt.Color[r=255,g=255,b=255]]
二月 14, 2020 3:12:56 下午 org.eclipse.birt.chart.render.EmptyWithoutAxes renderSeries
信息: org.eclipse.birt.chart.render.EmptyWithoutAxes: renderSeries() [1/2]
二月 14, 2020 3:12:56 下午 org.eclipse.birt.chart.extension.render.Pie renderSeries
信息: {0}: renderSeries() [{1}/{2}]org.eclipse.birt.chart.extension.render.Pie22
二月 14, 2020 3:12:56 下午 org.eclipse.birt.chart.device.image.JavaxImageIOWriter after
信息: Using {0} image writer {1}pngcom.sun.imageio.plugins.png.PNGImageWriter
二月 14, 2020 3:12:57 下午 org.eclipse.birt.chart.device.swing.SwingDisplayServer <init>
信息: SWING Display Server: Oracle Corporation v1.8.0_211
二月 14, 2020 3:12:57 下午 org.eclipse.birt.chart.script.AbstractScriptHandler register
信息: Trying to load Chart Java event handler class...
二月 14, 2020 3:12:57 下午 org.eclipse.birt.chart.script.AbstractScriptHandler register
信息: A Chart Java event handler class [class org.eclipse.mat.impl.chart.LabelRenderScript] has been loaded successfully.
二月 14, 2020 3:12:57 下午 org.eclipse.birt.chart.device.swing.SwingRendererImpl prepareGraphicsContext
信息: Using graphics context sun.java2d.SunGraphics2D[font=java.awt.Font[family=Dialog,name=Dialog,style=plain,size=12],color=java.awt.Color[r=255,g=255,b=255]]
二月 14, 2020 3:12:57 下午 org.eclipse.birt.chart.render.EmptyWithoutAxes renderSeries
信息: org.eclipse.birt.chart.render.EmptyWithoutAxes: renderSeries() [1/2]
二月 14, 2020 3:12:57 下午 org.eclipse.birt.chart.extension.render.Pie renderSeries
信息: {0}: renderSeries() [{1}/{2}]org.eclipse.birt.chart.extension.render.Pie22
二月 14, 2020 3:12:57 下午 org.eclipse.birt.chart.device.image.JavaxImageIOWriter after
信息: Using {0} image writer {1}pngcom.sun.imageio.plugins.png.PNGImageWriter
